<?xml version="1.0" encoding="UTF-8"?>
<testsuites name="jest tests" tests="28" failures="0" errors="0" time="11.762">
  <testsuite name="undefined" errors="0" failures="0" skipped="0" timestamp="2021-01-18T16:44:34" time="2.161" tests="3">
    <testcase classname=" a test" name=" a test" time="0.001" file="unit/a1.spec.js">
    </testcase>
    <testcase classname=" add test" name=" add test" time="0" file="unit/a1.spec.js">
    </testcase>
    <testcase classname=" sleep" name=" sleep" time="1.003" file="unit/a1.spec.js">
    </testcase>
  </testsuite>
  <testsuite name="b spec described" errors="0" failures="0" skipped="0" timestamp="2021-01-18T16:44:34" time="3.182" tests="4">
    <testcase classname="b spec described b spec" name="b spec described b spec" time="0.001" file="unit/b2.spec.js">
    </testcase>
    <testcase classname="b spec described yet another b spec" name="b spec described yet another b spec" time="0" file="unit/b2.spec.js">
    </testcase>
    <testcase classname="b spec described multiple multiple test" name="b spec described multiple multiple test" time="0" file="unit/b2.spec.js">
    </testcase>
    <testcase classname="b spec described sleep" name="b spec described sleep" time="2.006" file="unit/b2.spec.js">
    </testcase>
  </testsuite>
  <testsuite name="b spec described" errors="0" failures="0" skipped="0" timestamp="2021-01-18T16:44:34" time="5.19" tests="4">
    <testcase classname="b spec described b spec" name="b spec described b spec" time="0.001" file="unit/b1.spec.js">
    </testcase>
    <testcase classname="b spec described yet another b spec" name="b spec described yet another b spec" time="0" file="unit/b1.spec.js">
    </testcase>
    <testcase classname="b spec described multiple multiple test" name="b spec described multiple multiple test" time="0.001" file="unit/b1.spec.js">
    </testcase>
    <testcase classname="b spec described sleep" name="b spec described sleep" time="4.002" file="unit/b1.spec.js">
    </testcase>
  </testsuite>
  <testsuite name="undefined" errors="0" failures="0" skipped="0" timestamp="2021-01-18T16:44:34" time="7.145" tests="3">
    <testcase classname=" c test" name=" c test" time="0.002" file="unit/c3.spec.js">
    </testcase>
    <testcase classname=" to text" name=" to text" time="0" file="unit/c3.spec.js">
    </testcase>
    <testcase classname=" sleep" name=" sleep" time="6.005" file="unit/c3.spec.js">
    </testcase>
  </testsuite>
  <testsuite name="undefined" errors="0" failures="0" skipped="0" timestamp="2021-01-18T16:44:34" time="7.136" tests="3">
    <testcase classname=" c test" name=" c test" time="0.002" file="unit/c2.spec.js">
    </testcase>
    <testcase classname=" to text" name=" to text" time="0" file="unit/c2.spec.js">
    </testcase>
    <testcase classname=" sleep" name=" sleep" time="6.003" file="unit/c2.spec.js">
    </testcase>
  </testsuite>
  <testsuite name="undefined" errors="0" failures="0" skipped="0" timestamp="2021-01-18T16:44:36" time="5.14" tests="3">
    <testcase classname=" c test" name=" c test" time="0" file="unit/c4.spec.js">
    </testcase>
    <testcase classname=" to text" name=" to text" time="0" file="unit/c4.spec.js">
    </testcase>
    <testcase classname=" sleep" name=" sleep" time="5.005" file="unit/c4.spec.js">
    </testcase>
  </testsuite>
  <testsuite name="undefined" errors="0" failures="0" skipped="0" timestamp="2021-01-18T16:44:37" time="5.112" tests="3">
    <testcase classname=" a test" name=" a test" time="0" file="unit/a2.spec.js">
    </testcase>
    <testcase classname=" add test" name=" add test" time="0.001" file="unit/a2.spec.js">
    </testcase>
    <testcase classname=" sleep" name=" sleep" time="5.005" file="unit/a2.spec.js">
    </testcase>
  </testsuite>
  <testsuite name="undefined" errors="0" failures="0" skipped="0" timestamp="2021-01-18T16:44:34" time="9.178" tests="3">
    <testcase classname=" c test" name=" c test" time="0.002" file="unit/c1.spec.js">
    </testcase>
    <testcase classname=" to text" name=" to text" time="0" file="unit/c1.spec.js">
    </testcase>
    <testcase classname=" sleep" name=" sleep" time="8.006" file="unit/c1.spec.js">
    </testcase>
  </testsuite>
  <testsuite name="d1" errors="0" failures="0" skipped="0" timestamp="2021-01-18T16:44:34" time="11.192" tests="2">
    <testcase classname="d1 d test" name="d1 d test" time="0.002" file="unit/d1.spec.js">
    </testcase>
    <testcase classname="d1 sleep" name="d1 sleep" time="10.006" file="unit/d1.spec.js">
    </testcase>
  </testsuite>
</testsuites>