<?xml version="1.0" encoding="UTF-8"?>
<testsuites name="jest tests" tests="25" failures="0" errors="0" time="35.326">
  <testsuite name="b2" errors="0" failures="0" skipped="0" timestamp="2023-06-19T09:57:17" time="5.167" tests="3">
    <testcase classname="b2 0 - 0" name="b2 0 - 0" time="0.505" file="unit/b2.spec.js">
    </testcase>
    <testcase classname="b2 0 - 1" name="b2 0 - 1" time="1.203" file="unit/b2.spec.js">
    </testcase>
    <testcase classname="b2 0 - 2" name="b2 0 - 2" time="3.105" file="unit/b2.spec.js">
    </testcase>
  </testsuite>
  <testsuite name="a2" errors="0" failures="0" skipped="0" timestamp="2023-06-19T09:57:17" time="6.575" tests="1">
    <testcase classname="a2 0 - 0" name="a2 0 - 0" time="6.236" file="unit/a2.spec.js">
    </testcase>
  </testsuite>
  <testsuite name="c4" errors="0" failures="0" skipped="0" timestamp="2023-06-19T09:57:17" time="6.661" tests="2">
    <testcase classname="c4 0 - 0" name="c4 0 - 0" time="0.898" file="unit/c4.spec.js">
    </testcase>
    <testcase classname="c4 0 - 1" name="c4 0 - 1" time="5.403" file="unit/c4.spec.js">
    </testcase>
  </testsuite>
  <testsuite name="a1" errors="0" failures="0" skipped="0" timestamp="2023-06-19T09:57:17" time="10.998" tests="4">
    <testcase classname="a1 0 - 0" name="a1 0 - 0" time="1.005" file="unit/a1.spec.js">
    </testcase>
    <testcase classname="a1 0 - 1" name="a1 0 - 1" time="2.202" file="unit/a1.spec.js">
    </testcase>
    <testcase classname="a1 0 - 2" name="a1 0 - 2" time="3.122" file="unit/a1.spec.js">
    </testcase>
    <testcase classname="a1 0 - 3" name="a1 0 - 3" time="4.326" file="unit/a1.spec.js">
    </testcase>
  </testsuite>
  <testsuite name="b1" errors="0" failures="0" skipped="0" timestamp="2023-06-19T09:57:17" time="11.505" tests="3">
    <testcase classname="b1 0 - 0" name="b1 0 - 0" time="4.138" file="unit/b1.spec.js">
    </testcase>
    <testcase classname="b1 0 - 1" name="b1 0 - 1" time="5.784" file="unit/b1.spec.js">
    </testcase>
    <testcase classname="b1 0 - 2" name="b1 0 - 2" time="1.233" file="unit/b1.spec.js">
    </testcase>
  </testsuite>
  <testsuite name="c1" errors="0" failures="0" skipped="0" timestamp="2023-06-19T09:57:17" time="11.772" tests="3">
    <testcase classname="c1 0 - 0" name="c1 0 - 0" time="8.122" file="unit/c1.spec.js">
    </testcase>
    <testcase classname="c1 0 - 1" name="c1 0 - 1" time="1.203" file="unit/c1.spec.js">
    </testcase>
    <testcase classname="c1 0 - 2" name="c1 0 - 2" time="2.103" file="unit/c1.spec.js">
    </testcase>
  </testsuite>
  <testsuite name="c3" errors="0" failures="0" skipped="0" timestamp="2023-06-19T09:57:17" time="13.353" tests="2">
    <testcase classname="c3 0 - 0" name="c3 0 - 0" time="10.907" file="unit/c3.spec.js">
    </testcase>
    <testcase classname="c3 0 - 1" name="c3 0 - 1" time="2.105" file="unit/c3.spec.js">
    </testcase>
  </testsuite>
  <testsuite name="c2" errors="0" failures="0" skipped="0" timestamp="2023-06-19T09:57:17" time="21.248" tests="3">
    <testcase classname="c2 0 - 0" name="c2 0 - 0" time="6.707" file="unit/c2.spec.js">
    </testcase>
    <testcase classname="c2 0 - 1" name="c2 0 - 1" time="5.303" file="unit/c2.spec.js">
    </testcase>
    <testcase classname="c2 0 - 2" name="c2 0 - 2" time="8.901" file="unit/c2.spec.js">
    </testcase>
  </testsuite>
  <testsuite name="d1" errors="0" failures="0" skipped="0" timestamp="2023-06-19T09:57:17" time="35.146" tests="4">
    <testcase classname="d1 0 - 0" name="d1 0 - 0" time="11.006" file="unit/d1.spec.js">
    </testcase>
    <testcase classname="d1 0 - 1" name="d1 0 - 1" time="6.501" file="unit/d1.spec.js">
    </testcase>
    <testcase classname="d1 0 - 2" name="d1 0 - 2" time="8.101" file="unit/d1.spec.js">
    </testcase>
    <testcase classname="d1 0 - 3" name="d1 0 - 3" time="9.205" file="unit/d1.spec.js">
    </testcase>
  </testsuite>
</testsuites>