<?xml version="1.0" encoding="UTF-8"?>
<testsuites name="jest tests" tests="25" failures="0" errors="0" time="36.594">
  <testsuite name="b2" errors="0" failures="0" skipped="0" timestamp="2021-01-18T18:16:14" time="5.994" tests="3">
    <testcase classname="b2 0 - 0" name="b2 0 - 0" time="0.507" file="unit/b2.spec.js">
    </testcase>
    <testcase classname="b2 0 - 1" name="b2 0 - 1" time="1.202" file="unit/b2.spec.js">
    </testcase>
    <testcase classname="b2 0 - 2" name="b2 0 - 2" time="3.105" file="unit/b2.spec.js">
    </testcase>
  </testsuite>
  <testsuite name="a1" errors="0" failures="0" skipped="0" timestamp="2021-01-18T18:16:14" time="11.911" tests="4">
    <testcase classname="a1 0 - 0" name="a1 0 - 0" time="1.011" file="unit/a1.spec.js">
    </testcase>
    <testcase classname="a1 0 - 1" name="a1 0 - 1" time="2.204" file="unit/a1.spec.js">
    </testcase>
    <testcase classname="a1 0 - 2" name="a1 0 - 2" time="3.125" file="unit/a1.spec.js">
    </testcase>
    <testcase classname="a1 0 - 3" name="a1 0 - 3" time="4.323" file="unit/a1.spec.js">
    </testcase>
  </testsuite>
  <testsuite name="b1" errors="0" failures="0" skipped="0" timestamp="2021-01-18T18:16:14" time="12.374" tests="3">
    <testcase classname="b1 0 - 0" name="b1 0 - 0" time="4.143" file="unit/b1.spec.js">
    </testcase>
    <testcase classname="b1 0 - 1" name="b1 0 - 1" time="5.787" file="unit/b1.spec.js">
    </testcase>
    <testcase classname="b1 0 - 2" name="b1 0 - 2" time="1.234" file="unit/b1.spec.js">
    </testcase>
  </testsuite>
  <testsuite name="c4" errors="0" failures="0" skipped="0" timestamp="2021-01-18T18:16:20" time="6.397" tests="2">
    <testcase classname="c4 0 - 0" name="c4 0 - 0" time="0.89" file="unit/c4.spec.js">
    </testcase>
    <testcase classname="c4 0 - 1" name="c4 0 - 1" time="5.405" file="unit/c4.spec.js">
    </testcase>
  </testsuite>
  <testsuite name="c1" errors="0" failures="0" skipped="0" timestamp="2021-01-18T18:16:14" time="12.65" tests="3">
    <testcase classname="c1 0 - 0" name="c1 0 - 0" time="8.129" file="unit/c1.spec.js">
    </testcase>
    <testcase classname="c1 0 - 1" name="c1 0 - 1" time="1.203" file="unit/c1.spec.js">
    </testcase>
    <testcase classname="c1 0 - 2" name="c1 0 - 2" time="2.105" file="unit/c1.spec.js">
    </testcase>
  </testsuite>
  <testsuite name="c3" errors="0" failures="0" skipped="0" timestamp="2021-01-18T18:16:14" time="14.249" tests="2">
    <testcase classname="c3 0 - 0" name="c3 0 - 0" time="10.904" file="unit/c3.spec.js">
    </testcase>
    <testcase classname="c3 0 - 1" name="c3 0 - 1" time="2.102" file="unit/c3.spec.js">
    </testcase>
  </testsuite>
  <testsuite name="a2" errors="0" failures="0" skipped="0" timestamp="2021-01-18T18:16:26" time="6.34" tests="1">
    <testcase classname="a2 0 - 0" name="a2 0 - 0" time="6.235" file="unit/a2.spec.js">
    </testcase>
  </testsuite>
  <testsuite name="c2" errors="0" failures="0" skipped="0" timestamp="2021-01-18T18:16:14" time="22.154" tests="3">
    <testcase classname="c2 0 - 0" name="c2 0 - 0" time="6.705" file="unit/c2.spec.js">
    </testcase>
    <testcase classname="c2 0 - 1" name="c2 0 - 1" time="5.302" file="unit/c2.spec.js">
    </testcase>
    <testcase classname="c2 0 - 2" name="c2 0 - 2" time="8.901" file="unit/c2.spec.js">
    </testcase>
  </testsuite>
  <testsuite name="d1" errors="0" failures="0" skipped="0" timestamp="2021-01-18T18:16:14" time="36.063" tests="4">
    <testcase classname="d1 0 - 0" name="d1 0 - 0" time="11.004" file="unit/d1.spec.js">
    </testcase>
    <testcase classname="d1 0 - 1" name="d1 0 - 1" time="6.506" file="unit/d1.spec.js">
    </testcase>
    <testcase classname="d1 0 - 2" name="d1 0 - 2" time="8.105" file="unit/d1.spec.js">
    </testcase>
    <testcase classname="d1 0 - 3" name="d1 0 - 3" time="9.202" file="unit/d1.spec.js">
    </testcase>
  </testsuite>
</testsuites>