<?xml version="1.0" encoding="UTF-8"?>
<testsuites name="Mocha Tests" time="10.7280" tests="4" failures="0">
  <testsuite name="Root Suite" timestamp="2021-01-18T18:22:18" tests="0" file="cypress/integration/a1.cy.js" time="0.0000" failures="0">
  </testsuite>
  <testsuite name="a1" timestamp="2021-01-18T18:22:18" tests="4" time="10.7280" failures="0">
    <testcase name="a1 0 - 0" time="1.0270" classname="0 - 0">
    </testcase>
    <testcase name="a1 0 - 1" time="2.2100" classname="0 - 1">
    </testcase>
    <testcase name="a1 0 - 2" time="3.1310" classname="0 - 2">
    </testcase>
    <testcase name="a1 0 - 3" time="4.3600" classname="0 - 3">
    </testcase>
  </testsuite>
</testsuites>