<?xml version="1.0" encoding="UTF-8"?>
<testsuites name="Mocha Tests" time="6.0660" tests="3" failures="0">
  <testsuite name="Root Suite" timestamp="2021-01-18T16:46:51" tests="0" file="cypress/integration/c3.cy.js" time="0.0000" failures="0">
  </testsuite>
  <testsuite name="c3" timestamp="2021-01-18T16:46:51" tests="3" time="6.0660" failures="0">
    <testcase name="c3 c test" time="0.0180" classname="c test">
    </testcase>
    <testcase name="c3 to text" time="0.0100" classname="to text">
    </testcase>
    <testcase name="c3 sleep" time="6.0380" classname="sleep">
    </testcase>
  </testsuite>
</testsuites>