<?xml version="1.0" encoding="UTF-8"?>
<testsuites name="Mocha Tests" time="11.2260" tests="3" failures="0">
  <testsuite name="Root Suite" timestamp="2021-01-18T18:22:37" tests="0" file="cypress/integration/b1.cy.js" time="0.0000" failures="0">
  </testsuite>
  <testsuite name="b1" timestamp="2021-01-18T18:22:37" tests="3" time="11.2260" failures="0">
    <testcase name="b1 0 - 0" time="4.1740" classname="0 - 0">
    </testcase>
    <testcase name="b1 0 - 1" time="5.8130" classname="0 - 1">
    </testcase>
    <testcase name="b1 0 - 2" time="1.2390" classname="0 - 2">
    </testcase>
  </testsuite>
</testsuites>