<?xml version="1.0" encoding="UTF-8"?>
<testsuites name="Mocha Tests" time="1.0340" tests="3" failures="0">
  <testsuite name="Root Suite" timestamp="2021-01-15T20:13:41" tests="0" file="cypress/integration/a1.cy.js" time="0.0000" failures="0">
  </testsuite>
  <testsuite name="a1" timestamp="2021-01-15T20:13:41" tests="3" time="1.0340" failures="0">
    <testcase name="a1 a test" time="0.0200" classname="a test">
    </testcase>
    <testcase name="a1 add test" time="0.0070" classname="add test">
    </testcase>
    <testcase name="a1 sleep" time="1.0070" classname="sleep">
    </testcase>
  </testsuite>
</testsuites>