<?xml version="1.0" encoding="UTF-8"?>
<testsuites name="Mocha Tests" time="4.0620" tests="4" failures="0">
  <testsuite name="Root Suite" timestamp="2021-01-15T20:13:49" tests="0" file="cypress/integration/b1.cy.js" time="0.0000" failures="0">
  </testsuite>
  <testsuite name="b spec described" timestamp="2021-01-15T20:13:49" tests="3" time="4.0550" failures="0">
    <testcase name="b spec described b spec" time="0.0160" classname="b spec">
    </testcase>
    <testcase name="b spec described yet another b spec" time="0.0070" classname="yet another b spec">
    </testcase>
    <testcase name="b spec described sleep" time="4.0320" classname="sleep">
    </testcase>
  </testsuite>
  <testsuite name="multiple" timestamp="2021-01-15T20:13:53" tests="1" time="0.0070" failures="0">
    <testcase name="b spec described multiple multiple test" time="0.0070" classname="multiple test">
    </testcase>
  </testsuite>
</testsuites>