<?xml version="1.0" encoding="UTF-8"?>
<testsuites name="Mocha Tests" time="1.0340" tests="3" failures="0">
  <testsuite name="Root Suite" timestamp="2021-01-18T16:46:19" tests="0" file="cypress/integration/a1.cy.js" time="0.0000" failures="0">
  </testsuite>
  <testsuite name="a1" timestamp="2021-01-18T16:46:19" tests="3" time="1.0340" failures="0">
    <testcase name="a1 a test" time="0.0170" classname="a test">
    </testcase>
    <testcase name="a1 add test" time="0.0080" classname="add test">
    </testcase>
    <testcase name="a1 sleep" time="1.0090" classname="sleep">
    </testcase>
  </testsuite>
</testsuites>