<?xml version="1.0" encoding="UTF-8"?>
<testsuites name="Mocha Tests" time="10.0390" tests="2" failures="0">
  <testsuite name="Root Suite" timestamp="2021-01-18T16:47:04" tests="0" file="cypress/integration/d1.cy.js" time="0.0000" failures="0">
  </testsuite>
  <testsuite name="d1" timestamp="2021-01-18T16:47:04" tests="2" time="10.0390" failures="0">
    <testcase name="d1 d test" time="0.0150" classname="d test">
    </testcase>
    <testcase name="d1 sleep" time="10.0240" classname="sleep">
    </testcase>
  </testsuite>
</testsuites>