<?xml version="1.0" encoding="UTF-8"?>
<testsuites name="Mocha Tests" time="13.0550" tests="2" failures="0">
  <testsuite name="Root Suite" timestamp="2021-01-18T18:23:29" tests="0" file="cypress/integration/c3.cy.js" time="0.0000" failures="0">
  </testsuite>
  <testsuite name="c3" timestamp="2021-01-18T18:23:29" tests="2" time="13.0550" failures="0">
    <testcase name="c3 0 - 0" time="10.9440" classname="0 - 0">
    </testcase>
    <testcase name="c3 0 - 1" time="2.1110" classname="0 - 1">
    </testcase>
  </testsuite>
</testsuites>