<?xml version="1.0" encoding="UTF-8"?>
<testsuites name="Mocha Tests" time="8.0670" tests="3" failures="0">
  <testsuite name="Root Suite" timestamp="2021-01-18T16:46:35" tests="0" file="cypress/integration/c1.cy.js" time="0.0000" failures="0">
  </testsuite>
  <testsuite name="c1" timestamp="2021-01-18T16:46:35" tests="3" time="8.0670" failures="0">
    <testcase name="c1 c test" time="0.0180" classname="c test">
    </testcase>
    <testcase name="c1 to text" time="0.0080" classname="to text">
    </testcase>
    <testcase name="c1 sleep" time="8.0410" classname="sleep">
    </testcase>
  </testsuite>
</testsuites>