<?xml version="1.0" encoding="UTF-8"?>
<testsuites name="Mocha Tests" time="5.0640" tests="3" failures="0">
  <testsuite name="Root Suite" timestamp="2021-01-18T16:46:21" tests="0" file="cypress/integration/a2.cy.js" time="0.0000" failures="0">
  </testsuite>
  <testsuite name="a1" timestamp="2021-01-18T16:46:21" tests="3" time="5.0640" failures="0">
    <testcase name="a1 a test" time="0.0190" classname="a test">
    </testcase>
    <testcase name="a1 add test" time="0.0080" classname="add test">
    </testcase>
    <testcase name="a1 sleep" time="5.0370" classname="sleep">
    </testcase>
  </testsuite>
</testsuites>