<?xml version="1.0" encoding="UTF-8"?>
<testsuites name="Mocha Tests" time="2.0490" tests="4" failures="0">
  <testsuite name="Root Suite" timestamp="2021-01-18T16:46:32" tests="0" file="cypress/integration/b2.cy.js" time="0.0000" failures="0">
  </testsuite>
  <testsuite name="b spec described" timestamp="2021-01-18T16:46:32" tests="3" time="2.0360" failures="0">
    <testcase name="b spec described b spec" time="0.0180" classname="b spec">
    </testcase>
    <testcase name="b spec described yet another b spec" time="0.0100" classname="yet another b spec">
    </testcase>
    <testcase name="b spec described sleep" time="2.0080" classname="sleep">
    </testcase>
  </testsuite>
  <testsuite name="multiple" timestamp="2021-01-18T16:46:34" tests="1" time="0.0130" failures="0">
    <testcase name="b spec described multiple multiple test" time="0.0130" classname="multiple test">
    </testcase>
  </testsuite>
</testsuites>