<?xml version="1.0" encoding="UTF-8"?>
<testsuites name="Mocha Tests" time="6.0640" tests="3" failures="0">
  <testsuite name="Root Suite" timestamp="2021-01-18T16:46:44" tests="0" file="cypress/integration/c2.cy.js" time="0.0000" failures="0">
  </testsuite>
  <testsuite name="c2" timestamp="2021-01-18T16:46:44" tests="3" time="6.0640" failures="0">
    <testcase name="c2 c test" time="0.0180" classname="c test">
    </testcase>
    <testcase name="c2 to text" time="0.0090" classname="to text">
    </testcase>
    <testcase name="c2 sleep" time="6.0370" classname="sleep">
    </testcase>
  </testsuite>
</testsuites>